<?xml version="1.0" encoding="UTF-8"?>
<!-- Generated by org.testng.reporters.JUnitXMLReporter -->
<testsuite ignored="0" hostname="MacBook-Air.local" failures="0" tests="4" name="Test" time="27.289" errors="0" timestamp="2025-01-11T20:22:06 IST">
  <testcase classname="com.test.OrangeHRMTest" name="loginToApplication" time="11.897"/>
  <testcase classname="com.test.OrangeHRMTest" name="testAdmin" time="13.01"/>
  <testcase classname="com.test.OrangeHRMTest" name="logout" time="2.242"/>
  <testcase classname="com.test.OrangeHRMTest" name="closeBrowser" time="0.1"/>
</testsuite> <!-- Test -->
