<?xml version="1.0" encoding="UTF-8"?>
<testng-results ignored="0" total="4" passed="4" failed="0" skipped="0">
  <reporter-output>
  </reporter-output>
  <suite started-at="2025-01-11T20:21:39 IST" name="Suite" finished-at="2025-01-11T20:22:06 IST" duration-ms="27289">
    <groups>
    </groups>
    <test started-at="2025-01-11T20:21:39 IST" name="Test" finished-at="2025-01-11T20:22:06 IST" duration-ms="27289">
      <class name="com.test.OrangeHRMTest">
        <test-method signature="loginToApplication()[pri:1, instance:com.test.OrangeHRMTest@4b5d6a01]" started-at="2025-01-11T20:21:39 IST" name="loginToApplication" finished-at="2025-01-11T20:21:50 IST" duration-ms="11897" status="PASS">
          <reporter-output>
          </reporter-output>
        </test-method> <!-- loginToApplication -->
        <test-method signature="testAdmin()[pri:2, instance:com.test.OrangeHRMTest@4b5d6a01]" started-at="2025-01-11T20:21:50 IST" name="testAdmin" finished-at="2025-01-11T20:22:04 IST" duration-ms="13010" status="PASS">
          <reporter-output>
          </reporter-output>
        </test-method> <!-- testAdmin -->
        <test-method signature="logout()[pri:3, instance:com.test.OrangeHRMTest@4b5d6a01]" started-at="2025-01-11T20:22:04 IST" name="logout" finished-at="2025-01-11T20:22:06 IST" duration-ms="2242" status="PASS">
          <reporter-output>
          </reporter-output>
        </test-method> <!-- logout -->
        <test-method signature="closeBrowser()[pri:4, instance:com.test.OrangeHRMTest@4b5d6a01]" started-at="2025-01-11T20:22:06 IST" name="closeBrowser" finished-at="2025-01-11T20:22:06 IST" duration-ms="100" status="PASS">
          <reporter-output>
          </reporter-output>
        </test-method> <!-- closeBrowser -->
      </class> <!-- com.test.OrangeHRMTest -->
    </test> <!-- Test -->
  </suite> <!-- Suite -->
</testng-results>
