<?xml version="1.0" encoding="UTF-8"?>
<testng-results ignored="2" total="4" passed="2" failed="0" skipped="0">
  <reporter-output>
  </reporter-output>
  <suite started-at="2025-01-12T14:56:43 IST" name="Suite" finished-at="2025-01-12T14:57:03 IST" duration-ms="19895">
    <groups>
    </groups>
    <test started-at="2025-01-12T14:56:43 IST" name="Test" finished-at="2025-01-12T14:57:03 IST" duration-ms="19895">
      <class name="com.orange.hrm.test.LoginTest">
        <test-method is-config="true" signature="initDriver()[pri:0, instance:com.orange.hrm.test.LoginTest@67d48005]" started-at="2025-01-12T14:56:34 IST" name="initDriver" finished-at="2025-01-12T14:56:43 IST" duration-ms="9162" status="PASS">
          <reporter-output>
          </reporter-output>
        </test-method> <!-- initDriver -->
        <test-method signature="loginWithValidUserNameAndValidPassword()[pri:0, instance:com.orange.hrm.test.LoginTest@67d48005]" started-at="2025-01-12T14:56:43 IST" name="loginWithValidUserNameAndValidPassword" finished-at="2025-01-12T14:56:47 IST" duration-ms="3769" status="PASS">
          <reporter-output>
          </reporter-output>
        </test-method> <!-- loginWithValidUserNameAndValidPassword -->
        <test-method is-config="true" signature="closeDriver()[pri:0, instance:com.orange.hrm.test.LoginTest@67d48005]" started-at="2025-01-12T14:57:03 IST" name="closeDriver" finished-at="2025-01-12T14:57:03 IST" duration-ms="127" status="PASS">
          <reporter-output>
          </reporter-output>
        </test-method> <!-- closeDriver -->
      </class> <!-- com.orange.hrm.test.LoginTest -->
      <class name="com.orange.hrm.test.HomePageTest">
        <test-method signature="logout()[pri:0, instance:com.orange.hrm.test.HomePageTest@6b81ce95]" started-at="2025-01-12T14:56:47 IST" name="logout" finished-at="2025-01-12T14:57:03 IST" duration-ms="16103" status="PASS">
          <reporter-output>
          </reporter-output>
        </test-method> <!-- logout -->
      </class> <!-- com.orange.hrm.test.HomePageTest -->
    </test> <!-- Test -->
  </suite> <!-- Suite -->
</testng-results>
